{
  "RSpec": {
    "coverage": {
      "/home/at0m/Projects/residential_area/app/controllers/heads_controller.rb": [
        1,
        null,
        null,
        1,
        1,
        1,
        1,
        null,
        1,
        1,
        1,
        null,
        null,
        null
      ],
      "/home/at0m/Projects/residential_area/app/controllers/application_controller.rb": [
        1,
        1,
        1,
        null,
        1,
        89,
        89,
        89,
        null,
        null,
        1,
        1,
        null,
        null,
        1,
        0,
        null,
        null,
        1,
        78,
        77,
        1,
        null,
        null,
        1,
        null,
        null,
        null,
        1,
        1,
        null,
        null
      ],
      "/home/at0m/Projects/residential_area/app/controllers/partners_controller.rb": [
        1,
        null,
        null,
        1,
        1,
        1,
        1,
        null,
        1,
        1,
        1,
        null,
        null,
        null
      ],
      "/home/at0m/Projects/residential_area/app/controllers/news_controller.rb": [
        1,
        1,
        1,
        null,
        null
      ],
      "/home/at0m/Projects/residential_area/app/controllers/pages_controller.rb": [
        1,
        1,
        null,
        null,
        1,
        1,
        1,
        null,
        null,
        1,
        null,
        null,
        1,
        4,
        4,
        null,
        null
      ],
      "/home/at0m/Projects/residential_area/app/controllers/apartments_controller.rb": [
        1,
        null,
        null,
        1,
        1,
        1,
        null,
        1,
        1,
        1,
        1,
        null,
        null,
        null,
        null,
        null,
        1,
        1,
        1,
        1,
        null,
        1,
        1,
        1,
        null,
        null,
        null
      ],
      "/home/at0m/Projects/residential_area/app/controllers/houses_controller.rb": [
        1,
        null,
        null,
        1,
        1,
        1,
        1,
        1,
        1,
        1,
        null,
        1,
        1,
        1,
        null,
        null,
        null
      ],
      "/home/at0m/Projects/residential_area/app/controllers/tinymce_assets_controller.rb": [
        1,
        1,
        1,
        null,
        null,
        null,
        null,
        null,
        1,
        null,
        null
      ],
      "/home/at0m/Projects/residential_area/app/helpers/news_helper.rb": [
        1,
        null
      ],
      "/home/at0m/Projects/residential_area/app/helpers/tinymce_assets_helper.rb": [
        1,
        null
      ],
      "/home/at0m/Projects/residential_area/app/helpers/locations_helper.rb": [
        1,
        null
      ],
      "/home/at0m/Projects/residential_area/app/helpers/apartments_helper.rb": [
        1,
        null
      ],
      "/home/at0m/Projects/residential_area/app/helpers/heads_helper.rb": [
        1,
        null
      ],
      "/home/at0m/Projects/residential_area/app/helpers/pages_helper.rb": [
        1,
        null
      ],
      "/home/at0m/Projects/residential_area/app/helpers/houses_helper.rb": [
        1,
        null
      ],
      "/home/at0m/Projects/residential_area/app/helpers/galleries_helper.rb": [
        1,
        null
      ],
      "/home/at0m/Projects/residential_area/app/helpers/phone_numbers_helper.rb": [
        1,
        null
      ],
      "/home/at0m/Projects/residential_area/app/helpers/application_helper.rb": [
        1,
        null
      ],
      "/home/at0m/Projects/residential_area/app/helpers/partners_helper.rb": [
        1,
        null
      ],
      "/home/at0m/Projects/residential_area/app/models/partner.rb": [
        1,
        1,
        1,
        null,
        1,
        null,
        8,
        1,
        null,
        6,
        null,
        1,
        null,
        1,
        null,
        1,
        null,
        1,
        1,
        null
      ],
      "/home/at0m/Projects/residential_area/app/models/location.rb": [
        1,
        1,
        1,
        1,
        null,
        1,
        null,
        1,
        null,
        1,
        null,
        1,
        null,
        1,
        14,
        null,
        null,
        1,
        null,
        null,
        3,
        null,
        null,
        8,
        11,
        null,
        null,
        1,
        12,
        null,
        null,
        1,
        12,
        null,
        null
      ],
      "/home/at0m/Projects/residential_area/app/models/user.rb": [
        1,
        1,
        null,
        1,
        null,
        null,
        1,
        null,
        1,
        null,
        null,
        1,
        null,
        1,
        6,
        null,
        null,
        1,
        null,
        1,
        59,
        14,
        null,
        45,
        null,
        null,
        null
      ],
      "/home/at0m/Projects/residential_area/app/models/head.rb": [
        1,
        1,
        1,
        null,
        1,
        null,
        8,
        1,
        null,
        6,
        null,
        1,
        null,
        1,
        null,
        1,
        null,
        1,
        1,
        null
      ],
      "/home/at0m/Projects/residential_area/app/models/news.rb": [
        1,
        1,
        1,
        null,
        1,
        null,
        null,
        1,
        null,
        1,
        null,
        null,
        1,
        6,
        null,
        null,
        null,
        null,
        null,
        null,
        null,
        null,
        null,
        null,
        null,
        null,
        null,
        null,
        null,
        null,
        null,
        null,
        null,
        null,
        null,
        null,
        null,
        null
      ],
      "/home/at0m/Projects/residential_area/app/models/apartment.rb": [
        1,
        1,
        1,
        null,
        1,
        null,
        8,
        null,
        1,
        null,
        null,
        1,
        null,
        null,
        1,
        1,
        null,
        1,
        null,
        1,
        null,
        1,
        null,
        1,
        1,
        null,
        1,
        1,
        3,
        null
      ],
      "/home/at0m/Projects/residential_area/app/models/role.rb": [
        1,
        1,
        null,
        1,
        null,
        1,
        null,
        null,
        null
      ],
      "/home/at0m/Projects/residential_area/app/models/gallery.rb": [
        1,
        1,
        1,
        null,
        1,
        null,
        null,
        null,
        null,
        null,
        null,
        1,
        1,
        1,
        null,
        null,
        1,
        null,
        2,
        2,
        1,
        1,
        null
      ],
      "/home/at0m/Projects/residential_area/app/models/ability.rb": [
        1,
        1,
        null,
        1,
        null,
        null,
        4,
        4,
        3,
        1,
        1,
        1,
        1,
        null,
        0,
        null,
        null,
        null,
        null,
        null,
        null,
        null,
        null,
        null,
        null,
        null,
        null,
        null,
        null,
        null,
        null,
        null
      ],
      "/home/at0m/Projects/residential_area/app/models/phone_number.rb": [
        1,
        1,
        1,
        null,
        1,
        null,
        1,
        null,
        null,
        null
      ],
      "/home/at0m/Projects/residential_area/app/models/house.rb": [
        1,
        1,
        1,
        1,
        null,
        1,
        null,
        6,
        1,
        null,
        8,
        null,
        1,
        null,
        null,
        1,
        null,
        null,
        1,
        1,
        1,
        1,
        null,
        1,
        1,
        null
      ],
      "/home/at0m/Projects/residential_area/app/admin/locations.rb": [
        1,
        1,
        1,
        1,
        1,
        1,
        1,
        null,
        null,
        null,
        1,
        2,
        2,
        2,
        2,
        2,
        2,
        2,
        2,
        2,
        2,
        2,
        2,
        2,
        null,
        2,
        null,
        null,
        2,
        null,
        null
      ],
      "/home/at0m/Projects/residential_area/app/admin/heads.rb": [
        null,
        1,
        1,
        4,
        4,
        4,
        4,
        4,
        4,
        4,
        4,
        null,
        4,
        4,
        3,
        3,
        null,
        null,
        4,
        null,
        4,
        null,
        null,
        4,
        null,
        null,
        1,
        3,
        3,
        3,
        null,
        3,
        null,
        null,
        2,
        null,
        1,
        null,
        null,
        3,
        null,
        3,
        null,
        null,
        1,
        null,
        2,
        null,
        null,
        3,
        3,
        null,
        3,
        null,
        null,
        1,
        1,
        2,
        2,
        2,
        2,
        null,
        null,
        null
      ],
      "/home/at0m/Projects/residential_area/app/admin/roles.rb": [
        null,
        1,
        1,
        1,
        1,
        null,
        1,
        null,
        null,
        1,
        1,
        1,
        1,
        1,
        null,
        null,
        null,
        null
      ],
      "/home/at0m/Projects/residential_area/app/admin/partners.rb": [
        null,
        1,
        1,
        4,
        4,
        4,
        4,
        4,
        4,
        4,
        4,
        null,
        4,
        4,
        3,
        3,
        null,
        null,
        4,
        null,
        4,
        null,
        null,
        4,
        null,
        null,
        1,
        3,
        3,
        3,
        null,
        3,
        null,
        null,
        2,
        null,
        1,
        null,
        null,
        3,
        null,
        3,
        null,
        null,
        1,
        null,
        2,
        null,
        null,
        3,
        3,
        null,
        3,
        null,
        null,
        1,
        1,
        2,
        2,
        2,
        2,
        null,
        null,
        null
      ],
      "/home/at0m/Projects/residential_area/app/admin/galleries.rb": [
        null,
        1,
        1,
        1,
        1,
        null,
        1,
        1,
        1,
        1,
        null,
        1,
        1,
        1,
        1,
        null,
        1,
        null,
        null,
        1,
        2,
        4,
        null,
        2,
        2,
        null,
        2,
        2,
        2,
        null,
        2,
        null,
        null,
        1,
        3,
        3,
        3,
        3,
        null,
        3,
        3,
        null,
        3,
        3,
        3,
        3,
        3,
        3,
        3,
        3,
        null,
        null,
        3,
        null,
        null
      ],
      "/home/at0m/Projects/residential_area/app/admin/apartments.rb": [
        null,
        1,
        1,
        1,
        1,
        null,
        1,
        3,
        6,
        null,
        3,
        3,
        3,
        3,
        3,
        3,
        3,
        null,
        3,
        null,
        null,
        2,
        null,
        1,
        null,
        null,
        3,
        null,
        3,
        null,
        null,
        1,
        4,
        4,
        4,
        4,
        null,
        4,
        4,
        4,
        4,
        4,
        4,
        4,
        4,
        4,
        4,
        null,
        null,
        4,
        null,
        null
      ],
      "/home/at0m/Projects/residential_area/app/admin/phone_numbers.rb": [
        1,
        null
      ],
      "/home/at0m/Projects/residential_area/app/admin/news.rb": [
        null,
        1,
        1,
        1,
        1,
        1,
        1,
        null,
        1,
        1,
        null,
        1,
        null,
        null,
        1,
        3,
        3,
        3,
        3,
        3,
        null,
        3,
        3,
        3,
        3,
        null,
        null,
        3,
        null,
        null,
        1,
        null,
        1,
        1,
        1,
        1,
        1,
        null,
        1,
        1,
        1,
        null,
        null,
        null
      ],
      "/home/at0m/Projects/residential_area/app/admin/houses.rb": [
        null,
        1,
        1,
        1,
        1,
        null,
        1,
        1,
        1,
        1,
        1,
        1,
        1,
        null,
        1,
        null,
        null,
        1,
        3,
        3,
        3,
        3,
        null,
        3,
        null,
        null,
        2,
        null,
        1,
        null,
        null,
        3,
        null,
        null,
        3,
        null,
        null,
        1,
        null,
        2,
        null,
        null,
        3,
        3,
        null,
        3,
        null,
        null,
        1,
        4,
        4,
        4,
        4,
        4,
        4,
        4,
        4,
        4,
        1,
        null,
        1,
        null,
        null,
        4,
        null,
        4,
        null,
        4,
        null,
        4,
        null,
        null,
        4,
        null,
        null,
        1,
        1,
        2,
        2,
        2,
        2,
        null,
        null,
        null
      ],
      "/home/at0m/Projects/residential_area/app/admin/users.rb": [
        null,
        1,
        1,
        2,
        2,
        2,
        2,
        2,
        2,
        null,
        2,
        null,
        null,
        1,
        2,
        6,
        null,
        2,
        2,
        2,
        2,
        null,
        2,
        null,
        null,
        1,
        1,
        1,
        1,
        null,
        1,
        2,
        1,
        null,
        1,
        1,
        1,
        null,
        null,
        null
      ],
      "/home/at0m/Projects/residential_area/app/admin/dashboard.rb": [
        1,
        null,
        56,
        null,
        3,
        1,
        1,
        1,
        1,
        null,
        null,
        null,
        1,
        1,
        1,
        1,
        null,
        2,
        null,
        null,
        null,
        null,
        null,
        null,
        null,
        null,
        null,
        null,
        null,
        null,
        null,
        null,
        null,
        null,
        null,
        null,
        null,
        null,
        null,
        null
      ]
    },
    "timestamp": 1359049749
  }
}
