{
  "RSpec": {
    "coverage": {
      "/home/at0m/Projects/residential_area/app/controllers/heads_controller.rb": [
        1,
        null,
        null,
        1,
        0,
        0,
        0,
        null,
        0,
        0,
        0,
        null,
        null,
        null
      ],
      "/home/at0m/Projects/residential_area/app/controllers/application_controller.rb": [
        1,
        1,
        1,
        null,
        1,
        0,
        0,
        0,
        null,
        null,
        1,
        0,
        null,
        null,
        1,
        0,
        null,
        null,
        1,
        0,
        0,
        null,
        0,
        null,
        null,
        null,
        1,
        0,
        null,
        null
      ],
      "/home/at0m/Projects/residential_area/app/controllers/partners_controller.rb": [
        1,
        null,
        null,
        1,
        0,
        0,
        0,
        null,
        0,
        0,
        0,
        null,
        null,
        null
      ],
      "/home/at0m/Projects/residential_area/app/controllers/news_controller.rb": [
        1,
        1,
        0,
        null,
        null
      ],
      "/home/at0m/Projects/residential_area/app/controllers/pages_controller.rb": [
        1,
        1,
        null,
        null,
        1,
        0,
        0,
        null,
        null,
        1,
        null,
        null,
        1,
        null,
        null
      ],
      "/home/at0m/Projects/residential_area/app/controllers/apartments_controller.rb": [
        1,
        null,
        null,
        1,
        0,
        0,
        null,
        0,
        0,
        0,
        null,
        null,
        null,
        null,
        null,
        1,
        0,
        0,
        0,
        null,
        0,
        0,
        0,
        null,
        null,
        null
      ],
      "/home/at0m/Projects/residential_area/app/controllers/houses_controller.rb": [
        1,
        null,
        null,
        1,
        0,
        0,
        0,
        0,
        null,
        0,
        0,
        0,
        null,
        null,
        null
      ],
      "/home/at0m/Projects/residential_area/app/controllers/tinymce_assets_controller.rb": [
        1,
        1,
        0,
        null,
        null,
        null,
        null,
        null,
        0,
        null,
        null
      ],
      "/home/at0m/Projects/residential_area/app/helpers/news_helper.rb": [
        1,
        null
      ],
      "/home/at0m/Projects/residential_area/app/helpers/tinymce_assets_helper.rb": [
        1,
        null
      ],
      "/home/at0m/Projects/residential_area/app/helpers/locations_helper.rb": [
        1,
        null
      ],
      "/home/at0m/Projects/residential_area/app/helpers/apartments_helper.rb": [
        1,
        null
      ],
      "/home/at0m/Projects/residential_area/app/helpers/heads_helper.rb": [
        1,
        null
      ],
      "/home/at0m/Projects/residential_area/app/helpers/pages_helper.rb": [
        1,
        null
      ],
      "/home/at0m/Projects/residential_area/app/helpers/houses_helper.rb": [
        1,
        null
      ],
      "/home/at0m/Projects/residential_area/app/helpers/galleries_helper.rb": [
        1,
        null
      ],
      "/home/at0m/Projects/residential_area/app/helpers/phone_numbers_helper.rb": [
        1,
        null
      ],
      "/home/at0m/Projects/residential_area/app/helpers/application_helper.rb": [
        1,
        null
      ],
      "/home/at0m/Projects/residential_area/app/helpers/partners_helper.rb": [
        1,
        null
      ],
      "/home/at0m/Projects/residential_area/app/models/partner.rb": [
        1,
        1,
        1,
        null,
        1,
        null,
        0,
        1,
        null,
        0,
        null,
        1,
        null,
        1,
        null,
        1,
        null,
        1,
        1,
        null
      ],
      "/home/at0m/Projects/residential_area/app/models/location.rb": [
        1,
        1,
        1,
        1,
        null,
        1,
        null,
        1,
        null,
        1,
        null,
        1,
        null,
        1,
        null,
        1,
        2,
        null,
        null,
        1,
        null,
        null,
        null,
        null,
        0,
        0,
        0,
        null,
        null,
        1,
        0,
        null,
        null,
        1,
        0,
        null,
        null,
        1,
        0,
        null,
        null,
        0,
        0,
        null,
        null,
        null,
        0,
        null,
        0,
        null,
        null,
        null
      ],
      "/home/at0m/Projects/residential_area/app/models/user.rb": [
        1,
        1,
        null,
        1,
        null,
        null,
        1,
        null,
        1,
        null,
        null,
        1,
        null,
        1,
        1,
        null,
        null,
        1,
        null,
        1,
        16,
        8,
        null,
        8,
        null,
        null,
        null
      ],
      "/home/at0m/Projects/residential_area/app/models/head.rb": [
        1,
        1,
        1,
        null,
        1,
        null,
        0,
        1,
        null,
        0,
        null,
        1,
        null,
        1,
        null,
        1,
        null,
        1,
        1,
        null
      ],
      "/home/at0m/Projects/residential_area/app/models/news.rb": [
        1,
        1,
        1,
        null,
        1,
        null,
        null,
        1,
        null,
        1,
        null,
        null,
        1,
        1,
        null,
        null,
        null,
        null,
        null,
        null,
        null,
        null,
        null,
        null,
        null,
        null,
        null,
        null,
        null,
        null,
        null,
        null,
        null,
        null,
        null,
        null,
        null,
        null
      ],
      "/home/at0m/Projects/residential_area/app/models/apartment.rb": [
        1,
        1,
        1,
        null,
        1,
        null,
        0,
        null,
        1,
        null,
        null,
        1,
        null,
        null,
        1,
        1,
        null,
        1,
        null,
        1,
        null,
        1,
        null,
        1,
        1,
        null,
        1,
        1,
        null
      ],
      "/home/at0m/Projects/residential_area/app/models/role.rb": [
        1,
        1,
        null,
        1,
        null,
        1,
        null,
        null,
        null
      ],
      "/home/at0m/Projects/residential_area/app/models/gallery.rb": [
        1,
        1,
        1,
        null,
        1,
        null,
        null,
        null,
        1,
        1,
        1,
        null,
        null,
        1,
        null,
        1,
        1,
        1,
        null
      ],
      "/home/at0m/Projects/residential_area/app/models/ability.rb": [
        1,
        1,
        null,
        1,
        null,
        null,
        0,
        0,
        0,
        0,
        0,
        null,
        0,
        null,
        null,
        null,
        null,
        null,
        null,
        null,
        null,
        null,
        null,
        null,
        null,
        null,
        null,
        null,
        null,
        null
      ],
      "/home/at0m/Projects/residential_area/app/models/phone_number.rb": [
        1,
        1,
        1,
        null,
        1,
        null,
        1,
        null,
        null,
        null
      ],
      "/home/at0m/Projects/residential_area/app/models/house.rb": [
        1,
        1,
        1,
        1,
        null,
        1,
        null,
        0,
        1,
        null,
        0,
        null,
        1,
        null,
        null,
        1,
        null,
        null,
        1,
        1,
        1,
        1,
        null,
        1,
        1,
        null
      ]
    },
    "timestamp": 1358246321
  }
}
